<test>
    <node1>
        <node2/></node1>
</test>